C:\USERS\LAKOECKE\DOCUMENTS\VISUAL STUDIO 2010\PROJECTS\RENDERPACKDEMO1\DEBUG\RENDERPACKDEMO1.EXE
C:\Users\lakoecke\Documents\Visual Studio 2010\Projects\RenderPackDemo1\Debug\RenderPackDemo1.exe.CodeAnalysisLog.xml
C:\Users\lakoecke\Documents\Visual Studio 2010\Projects\RenderPackDemo1\Debug\RenderPackDemo1.exe.lastcodeanalysissucceeded
C:\USERS\LAKOECKE\DOCUMENTS\VISUAL STUDIO 2010\PROJECTS\RENDERPACKDEMO1\DEBUG\RENDERPACKDEMO1.ILK
C:\USERS\LAKOECKE\DOCUMENTS\VISUAL STUDIO 2010\PROJECTS\RENDERPACKDEMO1\DEBUG\RENDERPACKDEMO1.PDB
C:\Users\lakoecke\Documents\Visual Studio 2010\Projects\RenderPackDemo1\RenderPackDemo1\Debug\cl.command.1.tlog
C:\Users\lakoecke\Documents\Visual Studio 2010\Projects\RenderPackDemo1\RenderPackDemo1\Debug\CL.read.1.tlog
C:\Users\lakoecke\Documents\Visual Studio 2010\Projects\RenderPackDemo1\RenderPackDemo1\Debug\CL.write.1.tlog
C:\USERS\LAKOECKE\DOCUMENTS\VISUAL STUDIO 2010\PROJECTS\RENDERPACKDEMO1\RENDERPACKDEMO1\DEBUG\CRENDERPACKDEMO1.OBJ
C:\USERS\LAKOECKE\DOCUMENTS\VISUAL STUDIO 2010\PROJECTS\RENDERPACKDEMO1\RENDERPACKDEMO1\DEBUG\FTHELPER.OBJ
C:\USERS\LAKOECKE\DOCUMENTS\VISUAL STUDIO 2010\PROJECTS\RENDERPACKDEMO1\RENDERPACKDEMO1\DEBUG\KINECTSENSOR.OBJ
C:\Users\lakoecke\Documents\Visual Studio 2010\Projects\RenderPackDemo1\RenderPackDemo1\Debug\link.3092.read.1.tlog
C:\Users\lakoecke\Documents\Visual Studio 2010\Projects\RenderPackDemo1\RenderPackDemo1\Debug\link.3092.write.1.tlog
C:\Users\lakoecke\Documents\Visual Studio 2010\Projects\RenderPackDemo1\RenderPackDemo1\Debug\link.3092-cvtres.read.1.tlog
C:\Users\lakoecke\Documents\Visual Studio 2010\Projects\RenderPackDemo1\RenderPackDemo1\Debug\link.3092-cvtres.write.1.tlog
C:\Users\lakoecke\Documents\Visual Studio 2010\Projects\RenderPackDemo1\RenderPackDemo1\Debug\link.3276.read.1.tlog
C:\Users\lakoecke\Documents\Visual Studio 2010\Projects\RenderPackDemo1\RenderPackDemo1\Debug\link.3276.write.1.tlog
C:\Users\lakoecke\Documents\Visual Studio 2010\Projects\RenderPackDemo1\RenderPackDemo1\Debug\link.3276-cvtres.read.1.tlog
C:\Users\lakoecke\Documents\Visual Studio 2010\Projects\RenderPackDemo1\RenderPackDemo1\Debug\link.3276-cvtres.write.1.tlog
C:\Users\lakoecke\Documents\Visual Studio 2010\Projects\RenderPackDemo1\RenderPackDemo1\Debug\link.3536.read.1.tlog
C:\Users\lakoecke\Documents\Visual Studio 2010\Projects\RenderPackDemo1\RenderPackDemo1\Debug\link.3536.write.1.tlog
C:\Users\lakoecke\Documents\Visual Studio 2010\Projects\RenderPackDemo1\RenderPackDemo1\Debug\link.3536-cvtres.read.1.tlog
C:\Users\lakoecke\Documents\Visual Studio 2010\Projects\RenderPackDemo1\RenderPackDemo1\Debug\link.3536-cvtres.write.1.tlog
C:\Users\lakoecke\Documents\Visual Studio 2010\Projects\RenderPackDemo1\RenderPackDemo1\Debug\link.3720.read.1.tlog
C:\Users\lakoecke\Documents\Visual Studio 2010\Projects\RenderPackDemo1\RenderPackDemo1\Debug\link.3720.write.1.tlog
C:\Users\lakoecke\Documents\Visual Studio 2010\Projects\RenderPackDemo1\RenderPackDemo1\Debug\link.3720-cvtres.read.1.tlog
C:\Users\lakoecke\Documents\Visual Studio 2010\Projects\RenderPackDemo1\RenderPackDemo1\Debug\link.3720-cvtres.write.1.tlog
C:\Users\lakoecke\Documents\Visual Studio 2010\Projects\RenderPackDemo1\RenderPackDemo1\Debug\link.4276.read.1.tlog
C:\Users\lakoecke\Documents\Visual Studio 2010\Projects\RenderPackDemo1\RenderPackDemo1\Debug\link.4276.write.1.tlog
C:\Users\lakoecke\Documents\Visual Studio 2010\Projects\RenderPackDemo1\RenderPackDemo1\Debug\link.4276-cvtres.read.1.tlog
C:\Users\lakoecke\Documents\Visual Studio 2010\Projects\RenderPackDemo1\RenderPackDemo1\Debug\link.4276-cvtres.write.1.tlog
C:\Users\lakoecke\Documents\Visual Studio 2010\Projects\RenderPackDemo1\RenderPackDemo1\Debug\link.4436.read.1.tlog
C:\Users\lakoecke\Documents\Visual Studio 2010\Projects\RenderPackDemo1\RenderPackDemo1\Debug\link.4436.write.1.tlog
C:\Users\lakoecke\Documents\Visual Studio 2010\Projects\RenderPackDemo1\RenderPackDemo1\Debug\link.4436-cvtres.read.1.tlog
C:\Users\lakoecke\Documents\Visual Studio 2010\Projects\RenderPackDemo1\RenderPackDemo1\Debug\link.4436-cvtres.write.1.tlog
C:\Users\lakoecke\Documents\Visual Studio 2010\Projects\RenderPackDemo1\RenderPackDemo1\Debug\link.4660.read.1.tlog
C:\Users\lakoecke\Documents\Visual Studio 2010\Projects\RenderPackDemo1\RenderPackDemo1\Debug\link.4660.write.1.tlog
C:\Users\lakoecke\Documents\Visual Studio 2010\Projects\RenderPackDemo1\RenderPackDemo1\Debug\link.4660-cvtres.read.1.tlog
C:\Users\lakoecke\Documents\Visual Studio 2010\Projects\RenderPackDemo1\RenderPackDemo1\Debug\link.4660-cvtres.write.1.tlog
C:\Users\lakoecke\Documents\Visual Studio 2010\Projects\RenderPackDemo1\RenderPackDemo1\Debug\link.4668.read.1.tlog
C:\Users\lakoecke\Documents\Visual Studio 2010\Projects\RenderPackDemo1\RenderPackDemo1\Debug\link.4668.write.1.tlog
C:\Users\lakoecke\Documents\Visual Studio 2010\Projects\RenderPackDemo1\RenderPackDemo1\Debug\link.4668-cvtres.read.1.tlog
C:\Users\lakoecke\Documents\Visual Studio 2010\Projects\RenderPackDemo1\RenderPackDemo1\Debug\link.4668-cvtres.write.1.tlog
C:\Users\lakoecke\Documents\Visual Studio 2010\Projects\RenderPackDemo1\RenderPackDemo1\Debug\link.4776.read.1.tlog
C:\Users\lakoecke\Documents\Visual Studio 2010\Projects\RenderPackDemo1\RenderPackDemo1\Debug\link.4776.write.1.tlog
C:\Users\lakoecke\Documents\Visual Studio 2010\Projects\RenderPackDemo1\RenderPackDemo1\Debug\link.4776-cvtres.read.1.tlog
C:\Users\lakoecke\Documents\Visual Studio 2010\Projects\RenderPackDemo1\RenderPackDemo1\Debug\link.4776-cvtres.write.1.tlog
C:\Users\lakoecke\Documents\Visual Studio 2010\Projects\RenderPackDemo1\RenderPackDemo1\Debug\link.4872.read.1.tlog
C:\Users\lakoecke\Documents\Visual Studio 2010\Projects\RenderPackDemo1\RenderPackDemo1\Debug\link.4872.write.1.tlog
C:\Users\lakoecke\Documents\Visual Studio 2010\Projects\RenderPackDemo1\RenderPackDemo1\Debug\link.4872-cvtres.read.1.tlog
C:\Users\lakoecke\Documents\Visual Studio 2010\Projects\RenderPackDemo1\RenderPackDemo1\Debug\link.4872-cvtres.write.1.tlog
C:\Users\lakoecke\Documents\Visual Studio 2010\Projects\RenderPackDemo1\RenderPackDemo1\Debug\link.4908.read.1.tlog
C:\Users\lakoecke\Documents\Visual Studio 2010\Projects\RenderPackDemo1\RenderPackDemo1\Debug\link.4908.write.1.tlog
C:\Users\lakoecke\Documents\Visual Studio 2010\Projects\RenderPackDemo1\RenderPackDemo1\Debug\link.4908-cvtres.read.1.tlog
C:\Users\lakoecke\Documents\Visual Studio 2010\Projects\RenderPackDemo1\RenderPackDemo1\Debug\link.4908-cvtres.write.1.tlog
C:\Users\lakoecke\Documents\Visual Studio 2010\Projects\RenderPackDemo1\RenderPackDemo1\Debug\link.5104.read.1.tlog
C:\Users\lakoecke\Documents\Visual Studio 2010\Projects\RenderPackDemo1\RenderPackDemo1\Debug\link.5104.write.1.tlog
C:\Users\lakoecke\Documents\Visual Studio 2010\Projects\RenderPackDemo1\RenderPackDemo1\Debug\link.5104-cvtres.read.1.tlog
C:\Users\lakoecke\Documents\Visual Studio 2010\Projects\RenderPackDemo1\RenderPackDemo1\Debug\link.5104-cvtres.write.1.tlog
C:\Users\lakoecke\Documents\Visual Studio 2010\Projects\RenderPackDemo1\RenderPackDemo1\Debug\link.800.read.1.tlog
C:\Users\lakoecke\Documents\Visual Studio 2010\Projects\RenderPackDemo1\RenderPackDemo1\Debug\link.800.write.1.tlog
C:\Users\lakoecke\Documents\Visual Studio 2010\Projects\RenderPackDemo1\RenderPackDemo1\Debug\link.800-cvtres.read.1.tlog
C:\Users\lakoecke\Documents\Visual Studio 2010\Projects\RenderPackDemo1\RenderPackDemo1\Debug\link.800-cvtres.write.1.tlog
C:\Users\lakoecke\Documents\Visual Studio 2010\Projects\RenderPackDemo1\RenderPackDemo1\Debug\link.command.1.tlog
C:\Users\lakoecke\Documents\Visual Studio 2010\Projects\RenderPackDemo1\RenderPackDemo1\Debug\link.read.1.tlog
C:\Users\lakoecke\Documents\Visual Studio 2010\Projects\RenderPackDemo1\RenderPackDemo1\Debug\link.write.1.tlog
C:\Users\lakoecke\Documents\Visual Studio 2010\Projects\RenderPackDemo1\RenderPackDemo1\Debug\link-cvtres.read.1.tlog
C:\Users\lakoecke\Documents\Visual Studio 2010\Projects\RenderPackDemo1\RenderPackDemo1\Debug\link-cvtres.write.1.tlog
C:\USERS\LAKOECKE\DOCUMENTS\VISUAL STUDIO 2010\PROJECTS\RENDERPACKDEMO1\RENDERPACKDEMO1\DEBUG\MAIN.OBJ
C:\Users\lakoecke\Documents\Visual Studio 2010\Projects\RenderPackDemo1\RenderPackDemo1\Debug\mt.command.1.tlog
C:\Users\lakoecke\Documents\Visual Studio 2010\Projects\RenderPackDemo1\RenderPackDemo1\Debug\mt.read.1.tlog
C:\Users\lakoecke\Documents\Visual Studio 2010\Projects\RenderPackDemo1\RenderPackDemo1\Debug\mt.write.1.tlog
C:\Users\lakoecke\Documents\Visual Studio 2010\Projects\RenderPackDemo1\RenderPackDemo1\Debug\rc.command.1.tlog
C:\Users\lakoecke\Documents\Visual Studio 2010\Projects\RenderPackDemo1\RenderPackDemo1\Debug\rc.read.1.tlog
C:\Users\lakoecke\Documents\Visual Studio 2010\Projects\RenderPackDemo1\RenderPackDemo1\Debug\rc.write.1.tlog
C:\USERS\LAKOECKE\DOCUMENTS\VISUAL STUDIO 2010\PROJECTS\RENDERPACKDEMO1\RENDERPACKDEMO1\DEBUG\RENDERPACKDEMO1.EXE.EMBED.MANIFEST
C:\USERS\LAKOECKE\DOCUMENTS\VISUAL STUDIO 2010\PROJECTS\RENDERPACKDEMO1\RENDERPACKDEMO1\DEBUG\RENDERPACKDEMO1.EXE.EMBED.MANIFEST.RES
C:\USERS\LAKOECKE\DOCUMENTS\VISUAL STUDIO 2010\PROJECTS\RENDERPACKDEMO1\RENDERPACKDEMO1\DEBUG\RENDERPACKDEMO1.EXE.INTERMEDIATE.MANIFEST
C:\USERS\LAKOECKE\DOCUMENTS\VISUAL STUDIO 2010\PROJECTS\RENDERPACKDEMO1\RENDERPACKDEMO1\DEBUG\RENDERPACKDEMO1.RES
C:\Users\lakoecke\Documents\Visual Studio 2010\Projects\RenderPackDemo1\RenderPackDemo1\Debug\RenderPackDemo1.write.1.tlog
C:\Users\lakoecke\Documents\Visual Studio 2010\Projects\RenderPackDemo1\RenderPackDemo1\Debug\RenderPackDemo1_manifest.rc
C:\USERS\LAKOECKE\DOCUMENTS\VISUAL STUDIO 2010\PROJECTS\RENDERPACKDEMO1\RENDERPACKDEMO1\DEBUG\STDAFX.OBJ
C:\Users\lakoecke\Documents\Visual Studio 2010\Projects\RenderPackDemo1\RenderPackDemo1\Debug\vc100.idb
C:\USERS\LAKOECKE\DOCUMENTS\VISUAL STUDIO 2010\PROJECTS\RENDERPACKDEMO1\RENDERPACKDEMO1\DEBUG\VC100.PDB
C:\USERS\LAKOECKE\DOCUMENTS\VISUAL STUDIO 2010\PROJECTS\RENDERPACKDEMO1\RENDERPACKDEMO1\DEBUG\VISUALIZE.OBJ
