Build started 15.09.2012 14:47:14.
     1>Project "C:\Users\lakoecke\Documents\Visual Studio 2010\Projects\RenderPackDemo1\RenderPackDemo1\RenderPackDemo1.vcxproj" on node 2 (build target(s)).
     1>InitializeBuildStatus:
         Creating "Debug\RenderPackDemo1.unsuccessfulbuild" because "AlwaysCreate" was specified.
       ClCompile:
         All outputs are up-to-date.
       ResourceCompile:
         All outputs are up-to-date.
       ManifestResourceCompile:
         All outputs are up-to-date.
       Link:
         All outputs are up-to-date.
       Manifest:
         All outputs are up-to-date.
       RunCodeAnalysis:
       Skipping target "RunCodeAnalysis" because all output files are up-to-date with respect to the input files.
       PostBuildEvent:
         xcopy "C:\lokal\fnsimon\RenderFramework\Debug\RenderPack.dll" "C:\Users\lakoecke\Documents\Visual Studio 2010\Projects\RenderPackDemo1\Debug\" /Y 
                 xcopy "C:\lokal\fnsimon\RenderFramework\Debug\DirectPack.dll" "C:\Users\lakoecke\Documents\Visual Studio 2010\Projects\RenderPackDemo1\Debug\" /Y 
                 xcopy "C:\lokal\fnsimon\RenderFramework\External\bin\x86\DevIL.dll" "C:\Users\lakoecke\Documents\Visual Studio 2010\Projects\RenderPackDemo1\Debug\" /Y 
                 xcopy "C:\lokal\fnsimon\RenderFramework\External\bin\x86\ILU.dll" "C:\Users\lakoecke\Documents\Visual Studio 2010\Projects\RenderPackDemo1\Debug\" /Y 
                 xcopy "C:\lokal\fnsimon\RenderFramework\External\bin\x86\ILUT.dll" "C:\Users\lakoecke\Documents\Visual Studio 2010\Projects\RenderPackDemo1\Debug\" /Y 
         
         :VCEnd
         C:\lokal\fnsimon\RenderFramework\Debug\RenderPack.dll
         1 Datei(en) kopiert
         0 Datei(en) kopiert
         Datei DirectPack.dll nicht gefunden
         C:\lokal\fnsimon\RenderFramework\External\bin\x86\DevIL.dll
         1 Datei(en) kopiert
         C:\lokal\fnsimon\RenderFramework\External\bin\x86\ILU.dll
         1 Datei(en) kopiert
         C:\lokal\fnsimon\RenderFramework\External\bin\x86\ILUT.dll
         1 Datei(en) kopiert
       FinalizeBuildStatus:
         Deleting file "Debug\RenderPackDemo1.unsuccessfulbuild".
         Touching "Debug\RenderPackDemo1.lastbuildstate".
     1>Done Building Project "C:\Users\lakoecke\Documents\Visual Studio 2010\Projects\RenderPackDemo1\RenderPackDemo1\RenderPackDemo1.vcxproj" (build target(s)).

Build succeeded.

Time Elapsed 00:00:00.18
